<?xml version="1.0" encoding="UTF-8"?>
<testsuite xmlns:xsi="http://www.w3.org/2001/XMLSchema-instance" xsi:noNamespaceSchemaLocation="https://maven.apache.org/surefire/maven-surefire-plugin/xsd/surefire-test-report-3.0.xsd" version="3.0" name="co.edu.escuelaing.reflexionlab.MicroSpringBootTest" time="0.08" tests="4" errors="0" skipped="0" failures="0">
  <properties>
[...]
</properties>
  <testcase name="loadRejectsClassesWithoutRestControllerAnnotation" classname="co.edu.escuelaing.reflexionlab.MicroSpringBootTest" time="0.027"/>
  <testcase name="loadAllDiscoversControllerRoutes" classname="co.edu.escuelaing.reflexionlab.MicroSpringBootTest" time="0.019"/>
  <testcase name="greetingRouteUsesProvidedQueryParameter" classname="co.edu.escuelaing.reflexionlab.MicroSpringBootTest" time="0.004"/>
  <testcase name="greetingRouteUsesDefaultValueWhenMissing" classname="co.edu.escuelaing.reflexionlab.MicroSpringBootTest" time="0.001"/>
</testsuite>